<?xml version="1.0" encoding="utf-8"?><testsuites name="pytest tests"><testsuite name="pytest" errors="0" failures="0" skipped="0" tests="6" time="1.249" timestamp="2026-08-23T11:02:00.677617+00:00" hostname="agent-env-2e4a7175-8617-4040-8ab5-3d07ff062511"><testcase classname="tests.test_phase2_telemetry" name="test_rules_validate_ok" time="0.744" /><testcase classname="tests.test_phase2_telemetry" name="test_rules_validate_blocks_import" time="0.053" /><testcase classname="tests.test_phase2_telemetry" name="test_rules_deploy" time="0.066" /><testcase classname="tests.test_phase2_telemetry" name="test_graph_entities_query" time="0.056" /><testcase classname="tests.test_phase2_telemetry" name="test_incidents_generate_demo_and_stats" time="0.185" /><testcase classname="tests.test_phase2_telemetry" name="test_events_ingest_and_query" time="0.116" /></testsuite></testsuites>